<?xml version="1.0" encoding="UTF-8"?>
<!-- Generated by org.testng.reporters.JUnitReportReporter -->
<testsuite hostname="DESKTOP-HQ6I552" name="by.epam.lab.testing.Demo" tests="1" failures="0" timestamp="26 Oct 2016 12:32:04 GMT" time="0.016" errors="0">
  <testcase name="newTest" time="0.016" classname="by.epam.lab.testing.Demo"/>
</testsuite> <!-- by.epam.lab.testing.Demo -->
