<?xml version="1.0" encoding="UTF-8"?>
<!-- Generated by org.testng.reporters.JUnitReportReporter -->
<testsuite hostname="DESKTOP-HQ6I552" name="by.epam.lab.testing.test.unit.ShowQuestionListTest" tests="3" failures="0" timestamp="26 Oct 2016 21:41:37 GMT" time="0.018" errors="0">
  <testcase name="negativeTest" time="0.004" classname="by.epam.lab.testing.test.unit.ShowQuestionListTest"/>
  <testcase name="positiveTest" time="0.007" classname="by.epam.lab.testing.test.unit.ShowQuestionListTest"/>
  <testcase name="positiveTestSecond" time="0.007" classname="by.epam.lab.testing.test.unit.ShowQuestionListTest"/>
</testsuite> <!-- by.epam.lab.testing.test.unit.ShowQuestionListTest -->
