<?xml version="1.0" encoding="UTF-8"?>
<!-- Generated by org.testng.reporters.JUnitReportReporter -->
<testsuite hostname="DESKTOP-HQ6I552" name="by.epam.lab.testing.test.unit.SetNewQuestionTest" tests="2" failures="0" timestamp="26 Oct 2016 21:41:37 GMT" time="0.033" errors="0">
  <testcase name="negativeTestOne" time="0.012" classname="by.epam.lab.testing.test.unit.SetNewQuestionTest"/>
  <testcase name="positivTest" time="0.021" classname="by.epam.lab.testing.test.unit.SetNewQuestionTest"/>
</testsuite> <!-- by.epam.lab.testing.test.unit.SetNewQuestionTest -->
