<?xml version="1.0" encoding="UTF-8"?>
<!-- Generated by org.testng.reporters.JUnitReportReporter -->
<testsuite hostname="DESKTOP-HQ6I552" name="by.epam.lab.testing.test.unit.GoTestingUnitTest" tests="2" failures="0" timestamp="26 Oct 2016 21:41:37 GMT" time="0.014" errors="0">
  <testcase name="positiveTest" time="0.006" classname="by.epam.lab.testing.test.unit.GoTestingUnitTest"/>
  <testcase name="negativTest" time="0.008" classname="by.epam.lab.testing.test.unit.GoTestingUnitTest"/>
</testsuite> <!-- by.epam.lab.testing.test.unit.GoTestingUnitTest -->
