<?xml version="1.0" encoding="UTF-8"?>
<!-- Generated by org.testng.reporters.JUnitReportReporter -->
<testsuite hostname="DESKTOP-HQ6I552" name="by.epam.lab.testing.test.unit.AuthirizationTest" tests="3" failures="0" timestamp="26 Oct 2016 21:41:37 GMT" time="0.027" errors="0">
  <testcase name="negativTestTwo" time="0.003" classname="by.epam.lab.testing.test.unit.AuthirizationTest"/>
  <testcase name="negativTestOne" time="0.013" classname="by.epam.lab.testing.test.unit.AuthirizationTest"/>
  <testcase name="positiveTest" time="0.011" classname="by.epam.lab.testing.test.unit.AuthirizationTest"/>
</testsuite> <!-- by.epam.lab.testing.test.unit.AuthirizationTest -->
