<?xml version="1.0" encoding="UTF-8"?>
<!-- Generated by org.testng.reporters.JUnitReportReporter -->
<testsuite hostname="DESKTOP-HQ6I552" name="by.epam.lab.testing.test.unit.RegistrationTest" tests="1" failures="0" timestamp="26 Oct 2016 21:41:37 GMT" time="0.632" errors="0">
  <testcase name="positiveTest" time="0.632" classname="by.epam.lab.testing.test.unit.RegistrationTest"/>
</testsuite> <!-- by.epam.lab.testing.test.unit.RegistrationTest -->
