<?xml version="1.0" encoding="UTF-8"?>
<!-- Generated by org.testng.reporters.JUnitReportReporter -->
<testsuite hostname="DESKTOP-HQ6I552" name="by.epam.lab.testing.test.unit.ShowSubjectListTest" tests="2" failures="0" timestamp="26 Oct 2016 21:41:37 GMT" time="0.024" errors="0">
  <testcase name="secondPositiveTest" time="0.003" classname="by.epam.lab.testing.test.unit.ShowSubjectListTest"/>
  <testcase name="positiveTest" time="0.021" classname="by.epam.lab.testing.test.unit.ShowSubjectListTest"/>
</testsuite> <!-- by.epam.lab.testing.test.unit.ShowSubjectListTest -->
