<?xml version="1.0" encoding="UTF-8"?>
<!-- Generated by org.testng.reporters.JUnitReportReporter -->
<testsuite hostname="EPBYMINW2706" name="com.epam.tf.tests.SearchPatientForthStage" tests="1" failures="0" timestamp="15 Nov 2016 13:18:22 GMT" time="22.967" errors="0">
  <testcase name="searchPatientForthStageTest" time="22.967" classname="com.epam.tf.tests.SearchPatientForthStage"/>
</testsuite> <!-- com.epam.tf.tests.SearchPatientForthStage -->
