<?xml version="1.0" encoding="UTF-8"?>
<!-- Generated by org.testng.reporters.JUnitReportReporter -->
<testsuite hostname="EPBYMINW2706" name="com.epam.tf.tests.ShouldCheckSearchPatientForthStage" tests="1" failures="0" timestamp="13 Dec 2016 13:28:33 GMT" time="52.080" errors="0">
  <testcase name="searchPatientForthStageTest" time="52.080" classname="com.epam.tf.tests.ShouldCheckSearchPatientForthStage"/>
</testsuite> <!-- com.epam.tf.tests.ShouldCheckSearchPatientForthStage -->
