<?xml version="1.0" encoding="UTF-8"?>
<!-- Generated by org.testng.reporters.JUnitReportReporter -->
<testsuite hostname="EPBYMINW2706" name="com.epam.tf.tests.InformationSearchByDiagnos" tests="1" failures="0" timestamp="14 Nov 2016 09:23:58 GMT" time="11.890" errors="0">
  <testcase name="startTest" time="11.890" classname="com.epam.tf.tests.InformationSearchByDiagnos"/>
</testsuite> <!-- com.epam.tf.tests.InformationSearchByDiagnos -->
