<?xml version="1.0" encoding="UTF-8"?>
<!-- Generated by org.testng.reporters.JUnitReportReporter -->
<testsuite hostname="EPBYMINW2706" name="com.epam.tf.tests.EditDiagnosOfPatientTest" tests="1" failures="0" timestamp="15 Nov 2016 12:48:12 GMT" time="28.592" errors="0">
  <testcase name="editDiagnosOfPatientPossitiveTest" time="28.592" classname="com.epam.tf.tests.EditDiagnosOfPatientTest"/>
</testsuite> <!-- com.epam.tf.tests.EditDiagnosOfPatientTest -->
