<?xml version="1.0" encoding="UTF-8"?>
<!-- Generated by org.testng.reporters.JUnitReportReporter -->
<testsuite hostname="DESKTOP-HQ6I552" name="com.epam.tf.tests.ShouldCheckCommonRegulatedSearch" tests="1" failures="0" timestamp="11 Dec 2016 23:01:12 GMT" time="15.319" errors="0">
  <testcase name="test5" time="15.319" classname="com.epam.tf.tests.ShouldCheckCommonRegulatedSearch"/>
</testsuite> <!-- com.epam.tf.tests.ShouldCheckCommonRegulatedSearch -->
