<?xml version="1.0" encoding="UTF-8"?>
<!-- Generated by org.testng.reporters.JUnitReportReporter -->
<testsuite hostname="EPBYMINW2706" name="com.epam.tf.tests.ShouldCheckNewPatientForm" tests="1" failures="0" timestamp="9 Nov 2016 11:22:00 GMT" time="78.813" errors="0">
  <testcase name="oneCanAddNewPatient" time="78.813" classname="com.epam.tf.tests.ShouldCheckNewPatientForm"/>
</testsuite> <!-- com.epam.tf.tests.ShouldCheckNewPatientForm -->
