<?xml version="1.0" encoding="UTF-8"?>
<!-- Generated by org.testng.reporters.JUnitReportReporter -->
<testsuite hostname="EPBYMINW2706" name="com.epam.tf.tests.SearchPatientForthStage" tests="1" failures="0" timestamp="14 Nov 2016 12:58:59 GMT" time="20.126" errors="0">
  <testcase name="searchPatientForthStageTest" time="20.126" classname="com.epam.tf.tests.SearchPatientForthStage"/>
</testsuite> <!-- com.epam.tf.tests.SearchPatientForthStage -->
