<?xml version="1.0" encoding="UTF-8"?>
<!-- Generated by org.testng.reporters.JUnitReportReporter -->
<testsuite hostname="DESKTOP-HQ6I552" name="com.epam.tf.tests.ShouldCheckFirstTestCase" tests="1" failures="0" timestamp="23 Nov 2016 21:06:59 GMT" time="17.173" errors="0">
  <testcase name="firstStepTest" time="17.173" classname="com.epam.tf.tests.ShouldCheckFirstTestCase"/>
</testsuite> <!-- com.epam.tf.tests.ShouldCheckFirstTestCase -->
