<?xml version="1.0" encoding="UTF-8"?>
<!-- Generated by org.testng.reporters.JUnitReportReporter -->
<testsuite hostname="EPBYMINW2706" name="com.epam.tf.tests.ShouldCheckFirstTestCase" tests="1" failures="0" timestamp="24 Nov 2016 11:35:06 GMT" time="33.285" errors="0">
  <testcase name="firstStepTest" time="33.285" classname="com.epam.tf.tests.ShouldCheckFirstTestCase"/>
</testsuite> <!-- com.epam.tf.tests.ShouldCheckFirstTestCase -->
