<?xml version="1.0" encoding="UTF-8"?>
<!-- Generated by org.testng.reporters.JUnitReportReporter -->
<testsuite hostname="EPBYMINW2706" name="com.epam.tf.tests.InformationSearchByDiagnos" tests="1" failures="0" timestamp="10 Nov 2016 13:41:18 GMT" time="11.515" errors="0">
  <testcase name="startTest" time="11.515" classname="com.epam.tf.tests.InformationSearchByDiagnos"/>
</testsuite> <!-- com.epam.tf.tests.InformationSearchByDiagnos -->
