<?xml version="1.0" encoding="UTF-8"?>
<!-- Generated by org.testng.reporters.JUnitReportReporter -->
<testsuite hostname="DESKTOP-HQ6I552" name="com.epam.tf.tests.InformationSearchByDiagnos" tests="1" failures="0" timestamp="10 Nov 2016 09:48:10 GMT" time="16.017" errors="0">
  <testcase name="startTest" time="16.017" classname="com.epam.tf.tests.InformationSearchByDiagnos"/>
</testsuite> <!-- com.epam.tf.tests.InformationSearchByDiagnos -->
