<?xml version="1.0" encoding="UTF-8"?>
<!-- Generated by org.testng.reporters.JUnitReportReporter -->
<testsuite hostname="EPBYMINW2706" name="com.epam.tf.tests.ShouldCheckPatientSearch" tests="1" failures="0" timestamp="27 Dec 2016 15:33:05 GMT" time="20.026" errors="0">
  <testcase name="oneCanFindPatientBySurName" time="20.026" classname="com.epam.tf.tests.ShouldCheckPatientSearch"/>
</testsuite> <!-- com.epam.tf.tests.ShouldCheckPatientSearch -->
