<?xml version="1.0" encoding="UTF-8"?>
<!-- Generated by org.testng.reporters.JUnitReportReporter -->
<testsuite hostname="DESKTOP-HQ6I552" name="com.epam.tf.tests.ShouldCheckPatientSearch" tests="1" failures="0" timestamp="10 Nov 2016 07:25:04 GMT" time="18.980" errors="0">
  <testcase name="oneCanFindPatientBySurName" time="18.980" classname="com.epam.tf.tests.ShouldCheckPatientSearch"/>
</testsuite> <!-- com.epam.tf.tests.ShouldCheckPatientSearch -->
