<?xml version="1.0" encoding="UTF-8"?>
<!-- Generated by org.testng.reporters.JUnitReportReporter -->
<testsuite hostname="EPBYMINW2706" name="com.epam.tf.tests.InformationSearchByDiagnos" tests="1" failures="0" timestamp="15 Nov 2016 12:02:59 GMT" time="14.676" errors="0">
  <testcase name="startTest" time="14.676" classname="com.epam.tf.tests.InformationSearchByDiagnos"/>
</testsuite> <!-- com.epam.tf.tests.InformationSearchByDiagnos -->
